Compiling the C compiler identification source file "CMakeCCompilerId.c" failed.
Compiler:  
Build flags: 
Id flags:  

The output was:
1
用于 .NET Framework 的 Microsoft (R) 生成引擎版本 16.2.37902+b5aaefc9f
版权所有(C) Microsoft Corporation。保留所有权利。

生成启动时间为 2020/2/10 20:54:46。
节点 1 上的项目“F:\WORKSPACE\C++\CmakeEntry\cmake_hello\CMakeFiles\3.14.5\CompilerIdC\CompilerIdC.vcxproj”(默认目标)。
PrepareForBuild:
  正在创建目录“Debug\”。
F:\Program\VisualStudio\CommunityIDE\MSBuild\Microsoft\VC\v160\Microsoft.CppBuild.targets(434,5): warning MSB8003: The WindowsSDKDir property is not defined. Some build tools may not be found. [F:\WORKSPACE\C++\CmakeEntry\cmake_hello\CMakeFiles\3.14.5\CompilerIdC\CompilerIdC.vcxproj]
  正在创建目录“Debug\CompilerIdC.tlog\”。
InitializeBuildStatus:
  正在创建“Debug\CompilerIdC.tlog\unsuccessfulbuild”，因为已指定“AlwaysCreate”。
VcpkgTripletSelection:
  Using triplet "x64-windows" from "F:\Program\vcpkg\installed\x64-windows\"
ClCompile:
  F:\Program\VisualStudio\CommunityIDE\VC\Tools\MSVC\14.22.27905\bin\HostX64\x64\CL.exe /c /I"F:\Program\vcpkg\installed\x64-windows\include" /nologo /W0 /WX- /diagnostics:column /Od /D _MBCS /Gm- /EHsc /RTC1 /MDd /GS /fp:precise /Zc:wchar_t /Zc:forScope /Zc:inline /Fo"Debug\\" /Fd"Debug\vc142.pdb" /Gd /TC /FC /errorReport:queue CMakeCCompilerId.c
  CMakeCCompilerId.c
Link:
  F:\Program\VisualStudio\CommunityIDE\VC\Tools\MSVC\14.22.27905\bin\HostX64\x64\link.exe /ERRORREPORT:QUEUE /OUT:".\CompilerIdC.exe" /INCREMENTAL:NO /NOLOGO /LIBPATH:"F:\Program\vcpkg\installed\x64-windows\debug\lib" /LIBPATH:"F:\Program\vcpkg\installed\x64-windows\debug\lib\manual-link" kernel32.lib user32.lib gdi32.lib winspool.lib comdlg32.lib advapi32.lib shell32.lib ole32.lib oleaut32.lib uuid.lib odbc32.lib odbccp32.lib "F:\Program\vcpkg\installed\x64-windows\debug\lib\*.lib" /MANIFEST /MANIFESTUAC:"level='asInvoker' uiAccess='false'" /manifest:embed /PDB:".\CompilerIdC.pdb" /SUBSYSTEM:CONSOLE /TLBID:1 /DYNAMICBASE /NXCOMPAT /IMPLIB:".\CompilerIdC.lib" /MACHINE:X64 Debug\CMakeCCompilerId.obj
LINK : fatal error LNK1181: 无法打开输入文件“kernel32.lib” [F:\WORKSPACE\C++\CmakeEntry\cmake_hello\CMakeFiles\3.14.5\CompilerIdC\CompilerIdC.vcxproj]
已完成生成项目“F:\WORKSPACE\C++\CmakeEntry\cmake_hello\CMakeFiles\3.14.5\CompilerIdC\CompilerIdC.vcxproj”(默认目标)的操作 - 失败。

生成失败。

“F:\WORKSPACE\C++\CmakeEntry\cmake_hello\CMakeFiles\3.14.5\CompilerIdC\CompilerIdC.vcxproj”(默认目标) (1) ->
(PrepareForBuild 目标) -> 
  F:\Program\VisualStudio\CommunityIDE\MSBuild\Microsoft\VC\v160\Microsoft.CppBuild.targets(434,5): warning MSB8003: The WindowsSDKDir property is not defined. Some build tools may not be found. [F:\WORKSPACE\C++\CmakeEntry\cmake_hello\CMakeFiles\3.14.5\CompilerIdC\CompilerIdC.vcxproj]


“F:\WORKSPACE\C++\CmakeEntry\cmake_hello\CMakeFiles\3.14.5\CompilerIdC\CompilerIdC.vcxproj”(默认目标) (1) ->
(Link 目标) -> 
  LINK : fatal error LNK1181: 无法打开输入文件“kernel32.lib” [F:\WORKSPACE\C++\CmakeEntry\cmake_hello\CMakeFiles\3.14.5\CompilerIdC\CompilerIdC.vcxproj]

    1 个警告
    1 个错误

已用时间 00:00:00.77


Compiling the C compiler identification source file "CMakeCCompilerId.c" failed.
Compiler:  
Build flags: 
Id flags:  

The output was:
1
用于 .NET Framework 的 Microsoft (R) 生成引擎版本 16.2.37902+b5aaefc9f
版权所有(C) Microsoft Corporation。保留所有权利。

生成启动时间为 2020/2/10 20:54:47。
节点 1 上的项目“F:\WORKSPACE\C++\CmakeEntry\cmake_hello\CMakeFiles\3.14.5\CompilerIdC\CompilerIdC.vcxproj”(默认目标)。
PrepareForBuild:
  正在创建目录“Debug\”。
F:\Program\VisualStudio\CommunityIDE\MSBuild\Microsoft\VC\v160\Microsoft.CppBuild.targets(434,5): warning MSB8003: The WindowsSDKDir property is not defined. Some build tools may not be found. [F:\WORKSPACE\C++\CmakeEntry\cmake_hello\CMakeFiles\3.14.5\CompilerIdC\CompilerIdC.vcxproj]
  正在创建目录“Debug\CompilerIdC.tlog\”。
InitializeBuildStatus:
  正在创建“Debug\CompilerIdC.tlog\unsuccessfulbuild”，因为已指定“AlwaysCreate”。
VcpkgTripletSelection:
  Using triplet "x64-windows" from "F:\Program\vcpkg\installed\x64-windows\"
ClCompile:
  F:\Program\VisualStudio\CommunityIDE\VC\Tools\MSVC\14.22.27905\bin\HostX64\x64\CL.exe /c /I"F:\Program\vcpkg\installed\x64-windows\include" /nologo /W0 /WX- /diagnostics:column /Od /D _MBCS /Gm- /EHsc /RTC1 /MDd /GS /fp:precise /Zc:wchar_t /Zc:forScope /Zc:inline /Fo"Debug\\" /Fd"Debug\vc142.pdb" /Gd /TC /FC /errorReport:queue CMakeCCompilerId.c
  CMakeCCompilerId.c
Link:
  F:\Program\VisualStudio\CommunityIDE\VC\Tools\MSVC\14.22.27905\bin\HostX64\x64\link.exe /ERRORREPORT:QUEUE /OUT:".\CompilerIdC.exe" /INCREMENTAL:NO /NOLOGO /LIBPATH:"F:\Program\vcpkg\installed\x64-windows\debug\lib" /LIBPATH:"F:\Program\vcpkg\installed\x64-windows\debug\lib\manual-link" kernel32.lib user32.lib gdi32.lib winspool.lib comdlg32.lib advapi32.lib shell32.lib ole32.lib oleaut32.lib uuid.lib odbc32.lib odbccp32.lib "F:\Program\vcpkg\installed\x64-windows\debug\lib\*.lib" /MANIFEST /MANIFESTUAC:"level='asInvoker' uiAccess='false'" /manifest:embed /PDB:".\CompilerIdC.pdb" /SUBSYSTEM:CONSOLE /TLBID:1 /DYNAMICBASE /NXCOMPAT /IMPLIB:".\CompilerIdC.lib" /MACHINE:X64 Debug\CMakeCCompilerId.obj
LINK : fatal error LNK1181: 无法打开输入文件“kernel32.lib” [F:\WORKSPACE\C++\CmakeEntry\cmake_hello\CMakeFiles\3.14.5\CompilerIdC\CompilerIdC.vcxproj]
已完成生成项目“F:\WORKSPACE\C++\CmakeEntry\cmake_hello\CMakeFiles\3.14.5\CompilerIdC\CompilerIdC.vcxproj”(默认目标)的操作 - 失败。

生成失败。

“F:\WORKSPACE\C++\CmakeEntry\cmake_hello\CMakeFiles\3.14.5\CompilerIdC\CompilerIdC.vcxproj”(默认目标) (1) ->
(PrepareForBuild 目标) -> 
  F:\Program\VisualStudio\CommunityIDE\MSBuild\Microsoft\VC\v160\Microsoft.CppBuild.targets(434,5): warning MSB8003: The WindowsSDKDir property is not defined. Some build tools may not be found. [F:\WORKSPACE\C++\CmakeEntry\cmake_hello\CMakeFiles\3.14.5\CompilerIdC\CompilerIdC.vcxproj]


“F:\WORKSPACE\C++\CmakeEntry\cmake_hello\CMakeFiles\3.14.5\CompilerIdC\CompilerIdC.vcxproj”(默认目标) (1) ->
(Link 目标) -> 
  LINK : fatal error LNK1181: 无法打开输入文件“kernel32.lib” [F:\WORKSPACE\C++\CmakeEntry\cmake_hello\CMakeFiles\3.14.5\CompilerIdC\CompilerIdC.vcxproj]

    1 个警告
    1 个错误

已用时间 00:00:00.60


Compiling the CXX compiler identification source file "CMakeCXXCompilerId.cpp" failed.
Compiler:  
Build flags: 
Id flags:  

The output was:
1
用于 .NET Framework 的 Microsoft (R) 生成引擎版本 16.2.37902+b5aaefc9f
版权所有(C) Microsoft Corporation。保留所有权利。

生成启动时间为 2020/2/10 20:54:48。
节点 1 上的项目“F:\WORKSPACE\C++\CmakeEntry\cmake_hello\CMakeFiles\3.14.5\CompilerIdCXX\CompilerIdCXX.vcxproj”(默认目标)。
PrepareForBuild:
  正在创建目录“Debug\”。
F:\Program\VisualStudio\CommunityIDE\MSBuild\Microsoft\VC\v160\Microsoft.CppBuild.targets(434,5): warning MSB8003: The WindowsSDKDir property is not defined. Some build tools may not be found. [F:\WORKSPACE\C++\CmakeEntry\cmake_hello\CMakeFiles\3.14.5\CompilerIdCXX\CompilerIdCXX.vcxproj]
  正在创建目录“Debug\CompilerIdCXX.tlog\”。
InitializeBuildStatus:
  正在创建“Debug\CompilerIdCXX.tlog\unsuccessfulbuild”，因为已指定“AlwaysCreate”。
VcpkgTripletSelection:
  Using triplet "x64-windows" from "F:\Program\vcpkg\installed\x64-windows\"
ClCompile:
  F:\Program\VisualStudio\CommunityIDE\VC\Tools\MSVC\14.22.27905\bin\HostX64\x64\CL.exe /c /I"F:\Program\vcpkg\installed\x64-windows\include" /nologo /W0 /WX- /diagnostics:column /Od /D _MBCS /Gm- /EHsc /RTC1 /MDd /GS /fp:precise /Zc:wchar_t /Zc:forScope /Zc:inline /Fo"Debug\\" /Fd"Debug\vc142.pdb" /Gd /TP /FC /errorReport:queue CMakeCXXCompilerId.cpp
  CMakeCXXCompilerId.cpp
Link:
  F:\Program\VisualStudio\CommunityIDE\VC\Tools\MSVC\14.22.27905\bin\HostX64\x64\link.exe /ERRORREPORT:QUEUE /OUT:".\CompilerIdCXX.exe" /INCREMENTAL:NO /NOLOGO /LIBPATH:"F:\Program\vcpkg\installed\x64-windows\debug\lib" /LIBPATH:"F:\Program\vcpkg\installed\x64-windows\debug\lib\manual-link" kernel32.lib user32.lib gdi32.lib winspool.lib comdlg32.lib advapi32.lib shell32.lib ole32.lib oleaut32.lib uuid.lib odbc32.lib odbccp32.lib "F:\Program\vcpkg\installed\x64-windows\debug\lib\*.lib" /MANIFEST /MANIFESTUAC:"level='asInvoker' uiAccess='false'" /manifest:embed /PDB:".\CompilerIdCXX.pdb" /SUBSYSTEM:CONSOLE /TLBID:1 /DYNAMICBASE /NXCOMPAT /IMPLIB:".\CompilerIdCXX.lib" /MACHINE:X64 Debug\CMakeCXXCompilerId.obj
LINK : fatal error LNK1181: 无法打开输入文件“kernel32.lib” [F:\WORKSPACE\C++\CmakeEntry\cmake_hello\CMakeFiles\3.14.5\CompilerIdCXX\CompilerIdCXX.vcxproj]
已完成生成项目“F:\WORKSPACE\C++\CmakeEntry\cmake_hello\CMakeFiles\3.14.5\CompilerIdCXX\CompilerIdCXX.vcxproj”(默认目标)的操作 - 失败。

生成失败。

“F:\WORKSPACE\C++\CmakeEntry\cmake_hello\CMakeFiles\3.14.5\CompilerIdCXX\CompilerIdCXX.vcxproj”(默认目标) (1) ->
(PrepareForBuild 目标) -> 
  F:\Program\VisualStudio\CommunityIDE\MSBuild\Microsoft\VC\v160\Microsoft.CppBuild.targets(434,5): warning MSB8003: The WindowsSDKDir property is not defined. Some build tools may not be found. [F:\WORKSPACE\C++\CmakeEntry\cmake_hello\CMakeFiles\3.14.5\CompilerIdCXX\CompilerIdCXX.vcxproj]


“F:\WORKSPACE\C++\CmakeEntry\cmake_hello\CMakeFiles\3.14.5\CompilerIdCXX\CompilerIdCXX.vcxproj”(默认目标) (1) ->
(Link 目标) -> 
  LINK : fatal error LNK1181: 无法打开输入文件“kernel32.lib” [F:\WORKSPACE\C++\CmakeEntry\cmake_hello\CMakeFiles\3.14.5\CompilerIdCXX\CompilerIdCXX.vcxproj]

    1 个警告
    1 个错误

已用时间 00:00:00.61


Compiling the CXX compiler identification source file "CMakeCXXCompilerId.cpp" failed.
Compiler:  
Build flags: 
Id flags:  

The output was:
1
用于 .NET Framework 的 Microsoft (R) 生成引擎版本 16.2.37902+b5aaefc9f
版权所有(C) Microsoft Corporation。保留所有权利。

生成启动时间为 2020/2/10 20:54:48。
节点 1 上的项目“F:\WORKSPACE\C++\CmakeEntry\cmake_hello\CMakeFiles\3.14.5\CompilerIdCXX\CompilerIdCXX.vcxproj”(默认目标)。
PrepareForBuild:
  正在创建目录“Debug\”。
F:\Program\VisualStudio\CommunityIDE\MSBuild\Microsoft\VC\v160\Microsoft.CppBuild.targets(434,5): warning MSB8003: The WindowsSDKDir property is not defined. Some build tools may not be found. [F:\WORKSPACE\C++\CmakeEntry\cmake_hello\CMakeFiles\3.14.5\CompilerIdCXX\CompilerIdCXX.vcxproj]
  正在创建目录“Debug\CompilerIdCXX.tlog\”。
InitializeBuildStatus:
  正在创建“Debug\CompilerIdCXX.tlog\unsuccessfulbuild”，因为已指定“AlwaysCreate”。
VcpkgTripletSelection:
  Using triplet "x64-windows" from "F:\Program\vcpkg\installed\x64-windows\"
ClCompile:
  F:\Program\VisualStudio\CommunityIDE\VC\Tools\MSVC\14.22.27905\bin\HostX64\x64\CL.exe /c /I"F:\Program\vcpkg\installed\x64-windows\include" /nologo /W0 /WX- /diagnostics:column /Od /D _MBCS /Gm- /EHsc /RTC1 /MDd /GS /fp:precise /Zc:wchar_t /Zc:forScope /Zc:inline /Fo"Debug\\" /Fd"Debug\vc142.pdb" /Gd /TP /FC /errorReport:queue CMakeCXXCompilerId.cpp
  CMakeCXXCompilerId.cpp
Link:
  F:\Program\VisualStudio\CommunityIDE\VC\Tools\MSVC\14.22.27905\bin\HostX64\x64\link.exe /ERRORREPORT:QUEUE /OUT:".\CompilerIdCXX.exe" /INCREMENTAL:NO /NOLOGO /LIBPATH:"F:\Program\vcpkg\installed\x64-windows\debug\lib" /LIBPATH:"F:\Program\vcpkg\installed\x64-windows\debug\lib\manual-link" kernel32.lib user32.lib gdi32.lib winspool.lib comdlg32.lib advapi32.lib shell32.lib ole32.lib oleaut32.lib uuid.lib odbc32.lib odbccp32.lib "F:\Program\vcpkg\installed\x64-windows\debug\lib\*.lib" /MANIFEST /MANIFESTUAC:"level='asInvoker' uiAccess='false'" /manifest:embed /PDB:".\CompilerIdCXX.pdb" /SUBSYSTEM:CONSOLE /TLBID:1 /DYNAMICBASE /NXCOMPAT /IMPLIB:".\CompilerIdCXX.lib" /MACHINE:X64 Debug\CMakeCXXCompilerId.obj
LINK : fatal error LNK1181: 无法打开输入文件“kernel32.lib” [F:\WORKSPACE\C++\CmakeEntry\cmake_hello\CMakeFiles\3.14.5\CompilerIdCXX\CompilerIdCXX.vcxproj]
已完成生成项目“F:\WORKSPACE\C++\CmakeEntry\cmake_hello\CMakeFiles\3.14.5\CompilerIdCXX\CompilerIdCXX.vcxproj”(默认目标)的操作 - 失败。

生成失败。

“F:\WORKSPACE\C++\CmakeEntry\cmake_hello\CMakeFiles\3.14.5\CompilerIdCXX\CompilerIdCXX.vcxproj”(默认目标) (1) ->
(PrepareForBuild 目标) -> 
  F:\Program\VisualStudio\CommunityIDE\MSBuild\Microsoft\VC\v160\Microsoft.CppBuild.targets(434,5): warning MSB8003: The WindowsSDKDir property is not defined. Some build tools may not be found. [F:\WORKSPACE\C++\CmakeEntry\cmake_hello\CMakeFiles\3.14.5\CompilerIdCXX\CompilerIdCXX.vcxproj]


“F:\WORKSPACE\C++\CmakeEntry\cmake_hello\CMakeFiles\3.14.5\CompilerIdCXX\CompilerIdCXX.vcxproj”(默认目标) (1) ->
(Link 目标) -> 
  LINK : fatal error LNK1181: 无法打开输入文件“kernel32.lib” [F:\WORKSPACE\C++\CmakeEntry\cmake_hello\CMakeFiles\3.14.5\CompilerIdCXX\CompilerIdCXX.vcxproj]

    1 个警告
    1 个错误

已用时间 00:00:00.60


